0 info it worked if it ends with ok
1 verbose cli [ 'C:\\Program Files (x86)\\nodejs\\node.exe',
1 verbose cli   'C:\\Program Files (x86)\\nodejs\\node_modules\\npm\\bin\\npm-cli.js',
1 verbose cli   'install',
1 verbose cli   'bootstrap-material-design@4.0.2' ]
2 info using npm@2.7.4
3 info using node@v0.12.2
4 silly cache add args [ 'bootstrap-material-design@4.0.2', null ]
5 verbose cache add spec bootstrap-material-design@4.0.2
6 silly cache add parsed spec { raw: 'bootstrap-material-design@4.0.2',
6 silly cache add   scope: null,
6 silly cache add   name: 'bootstrap-material-design',
6 silly cache add   rawSpec: '4.0.2',
6 silly cache add   spec: '4.0.2',
6 silly cache add   type: 'version' }
7 verbose addNamed bootstrap-material-design@4.0.2
8 silly addNamed semver.valid 4.0.2
9 silly addNamed semver.validRange 4.0.2
10 silly mapToRegistry name bootstrap-material-design
11 silly mapToRegistry using default registry
12 silly mapToRegistry registry https://registry.npmjs.org/
13 silly mapToRegistry uri https://registry.npmjs.org/bootstrap-material-design
14 verbose addNameVersion registry:https://registry.npmjs.org/bootstrap-material-design not in flight; fetching
15 verbose request uri https://registry.npmjs.org/bootstrap-material-design
16 verbose request no auth needed
17 info attempt registry request try #1 at 4:57:21 PM
18 verbose request id 219214a6698543bc
19 http request GET https://registry.npmjs.org/bootstrap-material-design
20 http 200 https://registry.npmjs.org/bootstrap-material-design
21 silly get cb [ 200,
21 silly get   { 'content-type': 'application/json; charset=UTF-8',
21 silly get     server: 'UploadServer',
21 silly get     'cache-control': 'max-age=300',
21 silly get     'last-modified': 'Tue, 14 Nov 2017 11:42:55 GMT',
21 silly get     etag: '"5a0ad6bf-6b19"',
21 silly get     'content-encoding': 'gzip',
21 silly get     'content-length': '4942',
21 silly get     'accept-ranges': 'bytes',
21 silly get     date: 'Wed, 13 Dec 2017 17:57:18 GMT',
21 silly get     via: '1.1 varnish',
21 silly get     age: '0',
21 silly get     connection: 'keep-alive',
21 silly get     'x-served-by': 'cache-mad9435-MAD',
21 silly get     'x-cache': 'MISS',
21 silly get     'x-cache-hits': '0',
21 silly get     'x-timer': 'S1513187838.042451,VS0,VE264',
21 silly get     vary: 'Accept-Encoding, Accept' } ]
22 verbose get saving bootstrap-material-design to C:\Users\marck\AppData\Roaming\npm-cache\registry.npmjs.org\bootstrap-material-design\.cache.json
23 verbose stack Error: version not found: bootstrap-material-design@4.0.2
23 verbose stack     at setData (C:\Program Files (x86)\nodejs\node_modules\npm\lib\cache\add-named.js:122:12)
23 verbose stack     at RES (C:\Program Files (x86)\nodejs\node_modules\npm\node_modules\inflight\inflight.js:23:14)
23 verbose stack     at f (C:\Program Files (x86)\nodejs\node_modules\npm\node_modules\once\once.js:17:25)
23 verbose stack     at saved (C:\Program Files (x86)\nodejs\node_modules\npm\lib\cache\caching-client.js:173:7)
23 verbose stack     at FSReqWrap.oncomplete (fs.js:95:15)
24 verbose statusCode 404
25 verbose cwd C:\Users\marck\Desktop\New folder (3)\Neighborhood-Visit
26 error Windows_NT 6.3.9600
27 error argv "C:\\Program Files (x86)\\nodejs\\node.exe" "C:\\Program Files (x86)\\nodejs\\node_modules\\npm\\bin\\npm-cli.js" "install" "bootstrap-material-design@4.0.2"
28 error node v0.12.2
29 error npm  v2.7.4
30 error version not found: bootstrap-material-design@4.0.2
31 error If you need help, you may report this error at:
31 error     <https://github.com/npm/npm/issues>
32 verbose exit [ 1, true ]
